kandy16195sample/build/outputs/logs/manifest-merger-debug-report.txt
-- Merging decision tree log ---
manifest
ADDED from src/main/AndroidManifest.xml:2:1-174:12
	package
		ADDED from src/main/AndroidManifest.xml:3:5-32
		INJECTED from src/main/AndroidManifest.xml
		INJECTED from src/main/AndroidManifest.xml
	android:versionName
		ADDED from src/main/AndroidManifest.xml:5:5-34
		INJECTED from src/main/AndroidManifest.xml
		INJECTED from src/main/AndroidManifest.xml
	android:versionCode
		ADDED from src/main/AndroidManifest.xml:4:5-30
		INJECTED from src/main/AndroidManifest.xml
		INJECTED from src/main/AndroidManifest.xml
	xmlns:android
		ADDED from src/main/AndroidManifest.xml:2:11-69
uses-sdk
ADDED from src/main/AndroidManifest.xml:7:5-9:41
	android:targetSdkVersion
		ADDED from src/main/AndroidManifest.xml:9:9-38
		INJECTED from src/main/AndroidManifest.xml
		INJECTED from src/main/AndroidManifest.xml
	android:minSdkVersion
		ADDED from src/main/AndroidManifest.xml:8:9-35
		INJECTED from src/main/AndroidManifest.xml
		INJECTED from src/main/AndroidManifest.xml
uses-feature#0x00020000
ADDED from src/main/AndroidManifest.xml:11:5-13:35
	android:glEsVersion
		ADDED from src/main/AndroidManifest.xml:12:9-41
	android:required
		ADDED from src/main/AndroidManifest.xml:13:9-32
uses-feature#android.hardware.camera
ADDED from src/main/AndroidManifest.xml:14:5-60
	android:name
		ADDED from src/main/AndroidManifest.xml:14:19-57
uses-feature#android.hardware.camera.autofocus
ADDED from src/main/AndroidManifest.xml:15:5-70
	android:name
		ADDED from src/main/AndroidManifest.xml:15:19-67
permission#com.kandy.starter.permission.C2D_MESSAGE
ADDED from src/main/AndroidManifest.xml:17:5-19:47
	android:protectionLevel
		ADDED from src/main/AndroidManifest.xml:19:9-44
	android:name
		ADDED from src/main/AndroidManifest.xml:18:9-64
uses-permission#com.kandy.starter.permission.C2D_MESSAGE
ADDED from src/main/AndroidManifest.xml:22:5-80
	android:name
		ADDED from src/main/AndroidManifest.xml:22:22-77
uses-permission#com.google.android.c2dm.permission.RECEIVE
ADDED from src/main/AndroidManifest.xml:23:5-82
	android:name
		ADDED from src/main/AndroidManifest.xml:23:22-79
uses-permission#android.permission.WAKE_LOCK
ADDED from src/main/AndroidManifest.xml:24:5-68
	android:name
		ADDED from src/main/AndroidManifest.xml:24:22-65
uses-permission#android.permission.INTERNET
ADDED from src/main/AndroidManifest.xml:25:5-67
	android:name
		ADDED from src/main/AndroidManifest.xml:25:22-64
uses-permission#android.permission.ACCESS_NETWORK_STATE
ADDED from src/main/AndroidManifest.xml:26:5-79
	android:name
		ADDED from src/main/AndroidManifest.xml:26:22-76
uses-permission#android.permission.READ_PHONE_STATE
ADDED from src/main/AndroidManifest.xml:27:5-75
	android:name
		ADDED from src/main/AndroidManifest.xml:27:22-72
uses-permission#android.permission.CAMERA
ADDED from src/main/AndroidManifest.xml:28:5-65
	android:name
		ADDED from src/main/AndroidManifest.xml:28:22-62
uses-permission#android.permission.RECORD_AUDIO
ADDED from src/main/AndroidManifest.xml:29:5-71
	android:name
		ADDED from src/main/AndroidManifest.xml:29:22-68
uses-permission#android.permission.READ_CONTACTS
ADDED from src/main/AndroidManifest.xml:30:5-72
	android:name
		ADDED from src/main/AndroidManifest.xml:30:22-69
uses-permission#android.permission.ACCESS_COARSE_LOCATION
ADDED from src/main/AndroidManifest.xml:31:5-81
	android:name
		ADDED from src/main/AndroidManifest.xml:31:22-78
uses-permission#android.permission.ACCESS_FINE_LOCATION
ADDED from src/main/AndroidManifest.xml:32:5-79
	android:name
		ADDED from src/main/AndroidManifest.xml:32:22-76
uses-permission#android.permission.WRITE_EXTERNAL_STORAGE
ADDED from src/main/AndroidManifest.xml:33:5-81
	android:name
		ADDED from src/main/AndroidManifest.xml:33:22-78
uses-permission#android.permission.BLUETOOTH
ADDED from src/main/AndroidManifest.xml:34:5-67
	android:name
		ADDED from src/main/AndroidManifest.xml:34:22-65
uses-permission#android.permission.MODIFY_AUDIO_SETTINGS
ADDED from src/main/AndroidManifest.xml:35:5-79
	android:name
		ADDED from src/main/AndroidManifest.xml:35:22-77
uses-permission#android.permission.BROADCAST_STICKY
ADDED from src/main/AndroidManifest.xml:36:5-74
	android:name
		ADDED from src/main/AndroidManifest.xml:36:22-72
application
ADDED from src/main/AndroidManifest.xml:38:5-172:19
	android:label
		ADDED from src/main/AndroidManifest.xml:42:9-41
	android:allowBackup
		ADDED from src/main/AndroidManifest.xml:40:9-35
	android:icon
		ADDED from src/main/AndroidManifest.xml:41:9-45
	android:theme
		ADDED from src/main/AndroidManifest.xml:43:9-56
	android:name
		ADDED from src/main/AndroidManifest.xml:39:9-47
service#com.genband.mobile.impl.services.registration.GeneralRenewalAndroidService
ADDED from src/main/AndroidManifest.xml:44:9-47:19
	android:enabled
		ADDED from src/main/AndroidManifest.xml:46:13-35
	android:name
		ADDED from src/main/AndroidManifest.xml:45:13-102
service#com.genband.mobile.core.NotificationEngine.NotificationAndroidService
ADDED from src/main/AndroidManifest.xml:48:9-51:19
	android:enabled
		ADDED from src/main/AndroidManifest.xml:50:13-35
	android:name
		ADDED from src/main/AndroidManifest.xml:49:13-97
activity#com.kandy.starter.APISettingsActivity
ADDED from src/main/AndroidManifest.xml:53:9-57:20
	android:screenOrientation
		ADDED from src/main/AndroidManifest.xml:56:13-49
	android:label
		ADDED from src/main/AndroidManifest.xml:55:13-64
	android:name
		ADDED from src/main/AndroidManifest.xml:54:13-48
activity#com.kandy.starter.DashboardActivity
ADDED from src/main/AndroidManifest.xml:58:9-68:20
	android:screenOrientation
		ADDED from src/main/AndroidManifest.xml:61:13-49
	android:label
		ADDED from src/main/AndroidManifest.xml:60:13-45
	android:theme
		ADDED from src/main/AndroidManifest.xml:62:13-48
	android:name
		ADDED from src/main/AndroidManifest.xml:59:13-46
intent-filter#android.intent.action.MAIN+android.intent.category.LAUNCHER
ADDED from src/main/AndroidManifest.xml:63:13-67:29
action#android.intent.action.MAIN
ADDED from src/main/AndroidManifest.xml:64:17-69
	android:name
		ADDED from src/main/AndroidManifest.xml:64:25-66
category#android.intent.category.LAUNCHER
ADDED from src/main/AndroidManifest.xml:66:17-77
	android:name
		ADDED from src/main/AndroidManifest.xml:66:27-74
activity#com.kandy.starter.ProvisioningActivity
ADDED from src/main/AndroidManifest.xml:69:9-73:20
	android:screenOrientation
		ADDED from src/main/AndroidManifest.xml:72:13-49
	android:label
		ADDED from src/main/AndroidManifest.xml:71:13-58
	android:name
		ADDED from src/main/AndroidManifest.xml:70:13-49
activity#com.kandy.starter.AccessActivity
ADDED from src/main/AndroidManifest.xml:74:9-78:20
	android:screenOrientation
		ADDED from src/main/AndroidManifest.xml:77:13-49
	android:label
		ADDED from src/main/AndroidManifest.xml:76:13-57
	android:name
		ADDED from src/main/AndroidManifest.xml:75:13-43
activity#com.kandy.starter.CallServiceActivity
ADDED from src/main/AndroidManifest.xml:79:9-83:20
	android:screenOrientation
		ADDED from src/main/AndroidManifest.xml:82:13-49
	android:label
		ADDED from src/main/AndroidManifest.xml:81:13-57
	android:name
		ADDED from src/main/AndroidManifest.xml:80:13-48
activity#com.kandy.starter.ChatServiceActivity
ADDED from src/main/AndroidManifest.xml:84:9-88:20
	android:screenOrientation
		ADDED from src/main/AndroidManifest.xml:87:13-49
	android:label
		ADDED from src/main/AndroidManifest.xml:86:13-57
	android:name
		ADDED from src/main/AndroidManifest.xml:85:13-48
activity#com.kandy.starter.LocationServiceActivity
ADDED from src/main/AndroidManifest.xml:89:9-93:20
	android:screenOrientation
		ADDED from src/main/AndroidManifest.xml:92:13-49
	android:label
		ADDED from src/main/AndroidManifest.xml:91:13-60
	android:name
		ADDED from src/main/AndroidManifest.xml:90:13-52
activity#com.kandy.starter.PresenceServiceActivity
ADDED from src/main/AndroidManifest.xml:94:9-98:20
	android:screenOrientation
		ADDED from src/main/AndroidManifest.xml:97:13-49
	android:label
		ADDED from src/main/AndroidManifest.xml:96:13-60
	android:name
		ADDED from src/main/AndroidManifest.xml:95:13-52
activity#com.kandy.starter.PushServiceActivity
ADDED from src/main/AndroidManifest.xml:99:9-103:20
	android:screenOrientation
		ADDED from src/main/AndroidManifest.xml:102:13-49
	android:label
		ADDED from src/main/AndroidManifest.xml:101:13-56
	android:name
		ADDED from src/main/AndroidManifest.xml:100:13-48
receiver#com.kandy.starter.push.KandyPushReceiver
ADDED from src/main/AndroidManifest.xml:105:9-114:20
	android:permission
		ADDED from src/main/AndroidManifest.xml:107:13-73
	android:name
		ADDED from src/main/AndroidManifest.xml:106:13-51
intent-filter#com.example.kandysdktester+com.google.android.c2dm.intent.RECEIVE+com.google.android.c2dm.intent.REGISTRATION
ADDED from src/main/AndroidManifest.xml:108:13-113:29
action#com.google.android.c2dm.intent.RECEIVE
ADDED from src/main/AndroidManifest.xml:109:17-81
	android:name
		ADDED from src/main/AndroidManifest.xml:109:25-78
action#com.google.android.c2dm.intent.REGISTRATION
ADDED from src/main/AndroidManifest.xml:110:17-86
	android:name
		ADDED from src/main/AndroidManifest.xml:110:25-83
category#com.example.kandysdktester
ADDED from src/main/AndroidManifest.xml:112:17-71
	android:name
		ADDED from src/main/AndroidManifest.xml:112:27-68
service#com.kandy.starter.push.KandyPushService
ADDED from src/main/AndroidManifest.xml:116:9-118:38
	android:enabled
		ADDED from src/main/AndroidManifest.xml:118:13-35
	android:name
		ADDED from src/main/AndroidManifest.xml:117:13-50
activity#com.kandy.starter.AddressBookActivity
ADDED from src/main/AndroidManifest.xml:120:9-124:20
	android:screenOrientation
		ADDED from src/main/AndroidManifest.xml:123:13-49
	android:label
		ADDED from src/main/AndroidManifest.xml:122:13-63
	android:name
		ADDED from src/main/AndroidManifest.xml:121:13-48
activity#com.kandy.starter.DeviceAddressBookActivity
ADDED from src/main/AndroidManifest.xml:125:9-129:20
	android:screenOrientation
		ADDED from src/main/AndroidManifest.xml:128:13-49
	android:label
		ADDED from src/main/AndroidManifest.xml:127:13-69
	android:name
		ADDED from src/main/AndroidManifest.xml:126:13-54
activity#com.kandy.starter.ChatSettingsActivity
ADDED from src/main/AndroidManifest.xml:130:9-134:20
	android:screenOrientation
		ADDED from src/main/AndroidManifest.xml:133:13-49
	android:label
		ADDED from src/main/AndroidManifest.xml:132:13-65
	android:name
		ADDED from src/main/AndroidManifest.xml:131:13-49
activity#com.kandy.starter.DirectoryAddressBookActivity
ADDED from src/main/AndroidManifest.xml:135:9-139:20
	android:screenOrientation
		ADDED from src/main/AndroidManifest.xml:138:13-49
	android:label
		ADDED from src/main/AndroidManifest.xml:137:13-74
	android:name
		ADDED from src/main/AndroidManifest.xml:136:13-57
activity#com.kandy.starter.KandyGroupsActivity
ADDED from src/main/AndroidManifest.xml:140:9-144:20
	android:screenOrientation
		ADDED from src/main/AndroidManifest.xml:143:13-49
	android:label
		ADDED from src/main/AndroidManifest.xml:142:13-64
	android:name
		ADDED from src/main/AndroidManifest.xml:141:13-48
activity#com.kandy.starter.GroupDetailsActivity
ADDED from src/main/AndroidManifest.xml:145:9-149:20
	android:screenOrientation
		ADDED from src/main/AndroidManifest.xml:148:13-49
	android:label
		ADDED from src/main/AndroidManifest.xml:147:13-66
	android:name
		ADDED from src/main/AndroidManifest.xml:146:13-49
activity#com.kandy.starter.CallSettingsActivity
ADDED from src/main/AndroidManifest.xml:150:9-154:20
	android:screenOrientation
		ADDED from src/main/AndroidManifest.xml:153:13-49
	android:label
		ADDED from src/main/AndroidManifest.xml:152:13-65
	android:name
		ADDED from src/main/AndroidManifest.xml:151:13-49
activity#com.kandy.starter.KandyCloudStorageServiceActivity
ADDED from src/main/AndroidManifest.xml:155:9-160:20
	android:screenOrientation
		ADDED from src/main/AndroidManifest.xml:158:13-49
	android:label
		ADDED from src/main/AndroidManifest.xml:157:13-65
	android:name
		ADDED from src/main/AndroidManifest.xml:156:13-61
activity#com.kandy.starter.MultiPartyConferenceActivity
ADDED from src/main/AndroidManifest.xml:161:9-165:14
	android:screenOrientation
		ADDED from src/main/AndroidManifest.xml:164:13-49
	android:label
		ADDED from src/main/AndroidManifest.xml:163:13-74
	android:name
		ADDED from src/main/AndroidManifest.xml:162:13-57
activity#com.kandy.starter.MultiPartyConferenceCallScreenActivity
ADDED from src/main/AndroidManifest.xml:167:9-171:14
	android:screenOrientation
		ADDED from src/main/AndroidManifest.xml:170:13-49
	android:label
		ADDED from src/main/AndroidManifest.xml:169:13-74
	android:name
		ADDED from src/main/AndroidManifest.xml:168:13-67